<?xml version="1.0" encoding="UTF-8"?>
<!-- Generated by org.testng.reporters.JUnitXMLReporter -->
<testsuite hostname="Manish1185" ignored="0" name="Free CRM App Test Cases" tests="12" failures="2" timestamp="11 Jul 2018 12:46:12 GMT" time="233.746" errors="0">
  <testcase name="loginPageTitleTest" time="0.018" classname="com.crm.qa.testcases.LoginPageTest">
    <failure type="java.lang.AssertionError" message="expected [Free CRM software in the cloud powers sales and customer service1] but found [Free CRM software in the cloud powers sales and customer service]">
      <![CDATA[java.lang.AssertionError: expected [Free CRM software in the cloud powers sales and customer service1] but found [Free CRM software in the cloud powers sales and customer service]
at com.crm.qa.testcases.LoginPageTest.loginPageTitleTest(LoginPageTest.java:30)
... Removed 31 stack frames]]>
    </failure>
  </testcase> <!-- loginPageTitleTest -->
  <testcase name="verifyHomePageTitleTest" time="0.009" classname="com.crm.qa.testcases.HomePageTest">
    <failure type="java.lang.AssertionError" message="Home page title did not match expected [CRMPRO1] but found [CRMPRO]">
      <![CDATA[java.lang.AssertionError: Home page title did not match expected [CRMPRO1] but found [CRMPRO]
at com.crm.qa.testcases.HomePageTest.verifyHomePageTitleTest(HomePageTest.java:36)
... Removed 30 stack frames]]>
    </failure>
  </testcase> <!-- verifyHomePageTitleTest -->
  <testcase name="verifyContactsLabelTest" time="0.037" classname="com.crm.qa.testcases.ContactsPageTest"/>
  <testcase name="crmLogoImageTest" time="0.045" classname="com.crm.qa.testcases.LoginPageTest"/>
  <testcase name="verifyUserNameTest" time="0.078" classname="com.crm.qa.testcases.HomePageTest"/>
  <testcase name="selectSingleContactsTest" time="0.094" classname="com.crm.qa.testcases.ContactsPageTest"/>
  <testcase name="loginTest" time="6.561" classname="com.crm.qa.testcases.LoginPageTest"/>
  <testcase name="verifyContactsLinkTest" time="1.445" classname="com.crm.qa.testcases.HomePageTest"/>
  <testcase name="selectMultipleContactsTest" time="0.193" classname="com.crm.qa.testcases.ContactsPageTest"/>
  <testcase name="validateCreateNewContactTest" time="4.276" classname="com.crm.qa.testcases.ContactsPageTest"/>
  <testcase name="validateCreateNewContactTest" time="4.151" classname="com.crm.qa.testcases.ContactsPageTest"/>
  <testcase name="validateCreateNewContactTest" time="4.63" classname="com.crm.qa.testcases.ContactsPageTest"/>
</testsuite> <!-- Free CRM App Test Cases -->
